-------------------------------------------------------------------------------
Test set: BonusServiceTest
-------------------------------------------------------------------------------
Tests run: 4, Failures: 1, Errors: 0, Skipped: 0, Time elapsed: 0.063 s <<< FAILURE! - in BonusServiceTest
shouldCalculateForUnRegisteredAndOverLimit  Time elapsed: 0.016 s  <<< FAILURE!
org.opentest4j.AssertionFailedError: expected: <10000> but was: <500>
	at BonusServiceTest.shouldCalculateForUnRegisteredAndOverLimit(BonusServiceTest.java:66)

